<?xml version="1.0" encoding="UTF-8"?>
<!-- Generated by org.testng.reporters.JUnitXMLReporter -->
<testsuite ignored="0" hostname="DESKTOP-8EI85EI" failures="0" tests="2" name="Default test" time="12.395" errors="0" timestamp="2021-02-20T19:42:48 IST">
  <testcase classname="com.flipkart.qa.testcases.AvailableItemsTest" name="clickOnSelectMobileTest" time="2.27"/>
  <testcase classname="com.flipkart.qa.testcases.AvailableItemsTest" name="enterPincodeTest" time="0.0">
    <skipped/>
  </testcase> <!-- enterPincodeTest -->
</testsuite> <!-- Default test -->
