<?xml version="1.0" encoding="UTF-8"?>
<!-- Generated by org.testng.reporters.JUnitXMLReporter -->
<testsuite ignored="1" hostname="DESKTOP-8EI85EI" failures="0" tests="6" name="Flipkart App Test Cases" time="45.049" errors="0" timestamp="2021-02-20T19:47:34 IST">
  <testcase classname="com.flipkart.qa.testcases.LoginPageTest" name="loginPageTitle" time="0.034"/>
  <testcase classname="com.flipkart.qa.testcases.LoginPageTest" name="fktLogoImage" time="0.212"/>
  <testcase classname="com.flipkart.qa.testcases.LoginPageTest" name="loginTest" time="0.403"/>
  <testcase classname="com.flipkart.qa.testcases.HomePageTest" name="verifyFlipkartTextTest" time="0.076"/>
  <testcase classname="com.flipkart.qa.testcases.HomePageTest" name="verifyHomePageTitle" time="0.008"/>
  <testcase classname="com.flipkart.qa.testcases.HomePageTest" name="searchItemsTest" time="1.661"/>
  <testcase classname="com.flipkart.qa.testcases.HomePageTest" name="clickOnSearchbarTest" time="0.0">
    <ignored/>
  </testcase> <!-- clickOnSearchbarTest -->
</testsuite> <!-- Flipkart App Test Cases -->
